<?xml version="1.0" encoding="UTF-8"?>
<!-- Generated by org.testng.reporters.JUnitReportReporter -->
<testsuite skipped="0" hostname="DESKTOP-J1CGGHU" name="com.crm.qa.testdata.LoginPageTest" tests="2" failures="0" timestamp="2021-01-19T20:50:29 IST" time="51.605" errors="0">
  <testcase name="loginTest" time="40.901" classname="com.crm.qa.testdata.LoginPageTest"/>
  <system-out/>
  <testcase name="loginPageTitleTest" time="10.704" classname="com.crm.qa.testdata.LoginPageTest"/>
  <system-out/>
</testsuite> <!-- com.crm.qa.testdata.LoginPageTest -->
