<?xml version="1.0" encoding="UTF-8"?>
<!-- Generated by org.testng.reporters.JUnitReportReporter -->
<testsuite skipped="0" hostname="DESKTOP-J1CGGHU" name="com.crm.qa.testdata.HomePageTest" tests="6" failures="0" timestamp="2021-01-19T21:24:03 IST" time="129.025" errors="0">
  <testcase name="verifyHomePageTitleTest" time="19.702" classname="com.crm.qa.testdata.HomePageTest"/>
  <system-out/>
  <testcase name="verifyContactsLink" time="18.801" classname="com.crm.qa.testdata.HomePageTest"/>
  <system-out/>
  <testcase name="verifyUsernameLabelTest" time="14.629" classname="com.crm.qa.testdata.HomePageTest"/>
  <system-out/>
  <testcase name="verifyCalendarLink" time="26.016" classname="com.crm.qa.testdata.HomePageTest"/>
  <system-out/>
  <testcase name="verifyCompaniesLink" time="29.819" classname="com.crm.qa.testdata.HomePageTest"/>
  <system-out/>
  <testcase name="verifyDealsLink" time="20.058" classname="com.crm.qa.testdata.HomePageTest"/>
  <system-out/>
</testsuite> <!-- com.crm.qa.testdata.HomePageTest -->
